c:\users\nprashar\downloads\imp_skel_14au\proj_1_impressionist\debug\impressionist.bsc
c:\users\nprashar\downloads\imp_skel_14au\proj_1_impressionist\debug\vc120.pdb
c:\users\nprashar\downloads\imp_skel_14au\proj_1_impressionist\debug\vc120.idb
c:\users\nprashar\downloads\imp_skel_14au\proj_1_impressionist\debug\fltdesignui.sbr
c:\users\nprashar\downloads\imp_skel_14au\proj_1_impressionist\debug\imageio.sbr
c:\users\nprashar\downloads\imp_skel_14au\proj_1_impressionist\debug\impbrush.sbr
c:\users\nprashar\downloads\imp_skel_14au\proj_1_impressionist\debug\impressionist.sbr
c:\users\nprashar\downloads\imp_skel_14au\proj_1_impressionist\debug\impressionistdoc.sbr
c:\users\nprashar\downloads\imp_skel_14au\proj_1_impressionist\debug\impressionistui.sbr
c:\users\nprashar\downloads\imp_skel_14au\proj_1_impressionist\debug\originalview.sbr
c:\users\nprashar\downloads\imp_skel_14au\proj_1_impressionist\debug\paintview.sbr
c:\users\nprashar\downloads\imp_skel_14au\proj_1_impressionist\debug\pointbrush.sbr
c:\users\nprashar\downloads\imp_skel_14au\proj_1_impressionist\debug\pointbrush.obj
c:\users\nprashar\downloads\imp_skel_14au\proj_1_impressionist\debug\paintview.obj
c:\users\nprashar\downloads\imp_skel_14au\proj_1_impressionist\debug\originalview.obj
c:\users\nprashar\downloads\imp_skel_14au\proj_1_impressionist\debug\impressionistui.obj
c:\users\nprashar\downloads\imp_skel_14au\proj_1_impressionist\debug\impressionistdoc.obj
c:\users\nprashar\downloads\imp_skel_14au\proj_1_impressionist\debug\impressionist.obj
c:\users\nprashar\downloads\imp_skel_14au\proj_1_impressionist\debug\impbrush.obj
c:\users\nprashar\downloads\imp_skel_14au\proj_1_impressionist\debug\imageio.obj
c:\users\nprashar\downloads\imp_skel_14au\proj_1_impressionist\debug\fltdesignui.obj
c:\users\nprashar\downloads\imp_skel_14au\proj_1_impressionist\debug\impressionist.ilk
c:\users\nprashar\downloads\imp_skel_14au\proj_1_impressionist\debug\impressionist.exe
c:\users\nprashar\downloads\imp_skel_14au\proj_1_impressionist\debug\impressionist.pdb
e:\code\graphics\proj_1_impressionist\debug\fltdesignui.obj
e:\code\graphics\proj_1_impressionist\debug\imageio.obj
e:\code\graphics\proj_1_impressionist\debug\impbrush.obj
e:\code\graphics\proj_1_impressionist\debug\impressionist.obj
e:\code\graphics\proj_1_impressionist\debug\impressionistdoc.obj
e:\code\graphics\proj_1_impressionist\debug\impressionistui.obj
e:\code\graphics\proj_1_impressionist\debug\originalview.obj
e:\code\graphics\proj_1_impressionist\debug\paintview.obj
e:\code\graphics\proj_1_impressionist\debug\pointbrush.obj
e:\code\graphics\proj_1_impressionist\debug\impressionist.ilk
e:\code\graphics\proj_1_impressionist\debug\vc120.idb
e:\code\graphics\proj_1_impressionist\debug\impressionist.pdb
e:\code\graphics\proj_1_impressionist\debug\vc120.pdb
e:\code\graphics\proj_1_impressionist\debug\impressionist.bsc
e:\code\graphics\proj_1_impressionist\debug\fltdesignui.sbr
e:\code\graphics\proj_1_impressionist\debug\imageio.sbr
e:\code\graphics\proj_1_impressionist\debug\impbrush.sbr
e:\code\graphics\proj_1_impressionist\debug\impressionist.sbr
e:\code\graphics\proj_1_impressionist\debug\impressionistdoc.sbr
e:\code\graphics\proj_1_impressionist\debug\impressionistui.sbr
e:\code\graphics\proj_1_impressionist\debug\originalview.sbr
e:\code\graphics\proj_1_impressionist\debug\paintview.sbr
e:\code\graphics\proj_1_impressionist\debug\pointbrush.sbr
e:\code\graphics\proj_1_impressionist\debug\impressionist.exe
e:\code\graphics\proj_1_impressionist\debug\impressionist.tlog\bscmake.command.1.tlog
e:\code\graphics\proj_1_impressionist\debug\impressionist.tlog\bscmake.read.1.tlog
e:\code\graphics\proj_1_impressionist\debug\impressionist.tlog\bscmake.write.1.tlog
e:\code\graphics\proj_1_impressionist\debug\impressionist.tlog\cl.command.1.tlog
e:\code\graphics\proj_1_impressionist\debug\impressionist.tlog\cl.read.1.tlog
e:\code\graphics\proj_1_impressionist\debug\impressionist.tlog\cl.write.1.tlog
e:\code\graphics\proj_1_impressionist\debug\impressionist.tlog\link.command.1.tlog
e:\code\graphics\proj_1_impressionist\debug\impressionist.tlog\link.read.1.tlog
e:\code\graphics\proj_1_impressionist\debug\impressionist.tlog\link.write.1.tlog
