Build started 10/5/2014 4:33:13 PM.
     1>Project "E:\Code\graphics\proj_1_impressionist\impressionist.vcxproj" on node 2 (Rebuild target(s)).
     1>ClCompile:
         C:\Program Files (x86)\Microsoft Visual Studio 2013\VC\bin\CL.exe /c /I"C:\Program Files\fltk-1.3.2" /I"C:\Program Files\fltk-1.3.2\png" /I"C:\Program Files\fltk-1.3.2\zlib" /I"C:\Program Files\fltk-1.3.2\jpeg" /ZI /nologo /W3 /WX- /Od /Oy- /D WIN32 /D _DEBUG /D _WINDOWS /D FLTK1 /D _VC80_UPGRADE=0x0710 /D _MBCS /Gm- /EHsc /RTC1 /MDd /GS /fp:precise /Zc:wchar_t /Zc:forScope /Fo"Debug\\" /Fd"Debug\vc120.pdb" /FR"Debug\\" /Gd /TP /wd4996 /analyze- /errorReport:prompt FltDesignUI.cpp imageio.cpp impBrush.cpp impressionist.cpp impressionistDoc.cpp impressionistUI.cpp originalView.cpp paintView.cpp pointBrush.cpp
         FltDesignUI.cpp
         imageio.cpp
         impBrush.cpp
         impressionist.cpp
         impressionistDoc.cpp
         impressionistUI.cpp
         originalView.cpp
         paintView.cpp
         pointBrush.cpp
         Generating Code...
       Link:
         C:\Program Files (x86)\Microsoft Visual Studio 2013\VC\bin\link.exe /ERRORREPORT:PROMPT /OUT:"Debug\impressionist.exe" /INCREMENTAL /NOLOGO /LIBPATH:"C:\Program Files\fltk-1.3.2\lib" fltkd.lib fltkgld.lib fltkzlibd.lib fltkpngd.lib fltkjpegd.lib Comctl32.lib wsock32.lib opengl32.lib glu32.lib odbc32.lib odbccp32.lib kernel32.lib user32.lib gdi32.lib winspool.lib comdlg32.lib advapi32.lib shell32.lib ole32.lib oleaut32.lib uuid.lib odbc32.lib odbccp32.lib /NODEFAULTLIB:libcmtd.lib /MANIFEST /MANIFESTUAC:"level='asInvoker' uiAccess='false'" /manifest:embed /DEBUG /PDB:"Debug\impressionist.pdb" /SUBSYSTEM:WINDOWS /TLBID:1 /DYNAMICBASE:NO /IMPLIB:"Debug\impressionist.lib" /MACHINE:X86 /SAFESEH /MACHINE:I386 Debug\FltDesignUI.obj
         Debug\imageio.obj
         Debug\impBrush.obj
         Debug\impressionist.obj
         Debug\impressionistDoc.obj
         Debug\impressionistUI.obj
         Debug\originalView.obj
         Debug\paintView.obj
         Debug\pointBrush.obj
     1>FltDesignUI.obj : warning LNK4075: ignoring '/EDITANDCONTINUE' due to '/SAFESEH' specification
     1>fltkd.lib(case.obj) : warning LNK4099: PDB 'vc110.pdb' was not found with 'fltkd.lib(case.obj)' or at 'E:\Code\graphics\proj_1_impressionist\Debug\vc110.pdb'; linking object as if no debug info
     1>fltkd.lib(filename_list.obj) : warning LNK4099: PDB 'vc110.pdb' was not found with 'fltkd.lib(filename_list.obj)' or at 'E:\Code\graphics\proj_1_impressionist\Debug\vc110.pdb'; linking object as if no debug info
     1>fltkd.lib(filename_match.obj) : warning LNK4099: PDB 'vc110.pdb' was not found with 'fltkd.lib(filename_match.obj)' or at 'E:\Code\graphics\proj_1_impressionist\Debug\vc110.pdb'; linking object as if no debug info
     1>fltkd.lib(Fl.obj) : warning LNK4099: PDB 'vc110.pdb' was not found with 'fltkd.lib(Fl.obj)' or at 'E:\Code\graphics\proj_1_impressionist\Debug\vc110.pdb'; linking object as if no debug info
     1>fltkd.lib(Fl_abort.obj) : warning LNK4099: PDB 'vc110.pdb' was not found with 'fltkd.lib(Fl_abort.obj)' or at 'E:\Code\graphics\proj_1_impressionist\Debug\vc110.pdb'; linking object as if no debug info
     1>fltkd.lib(fl_arc.obj) : warning LNK4099: PDB 'vc110.pdb' was not found with 'fltkd.lib(fl_arc.obj)' or at 'E:\Code\graphics\proj_1_impressionist\Debug\vc110.pdb'; linking object as if no debug info
     1>fltkd.lib(fl_arci.obj) : warning LNK4099: PDB 'vc110.pdb' was not found with 'fltkd.lib(fl_arci.obj)' or at 'E:\Code\graphics\proj_1_impressionist\Debug\vc110.pdb'; linking object as if no debug info
     1>fltkd.lib(fl_ask.obj) : warning LNK4099: PDB 'vc110.pdb' was not found with 'fltkd.lib(fl_ask.obj)' or at 'E:\Code\graphics\proj_1_impressionist\Debug\vc110.pdb'; linking object as if no debug info
     1>fltkd.lib(Fl_Bitmap.obj) : warning LNK4099: PDB 'vc110.pdb' was not found with 'fltkd.lib(Fl_Bitmap.obj)' or at 'E:\Code\graphics\proj_1_impressionist\Debug\vc110.pdb'; linking object as if no debug info
     1>fltkd.lib(Fl_Box.obj) : warning LNK4099: PDB 'vc110.pdb' was not found with 'fltkd.lib(Fl_Box.obj)' or at 'E:\Code\graphics\proj_1_impressionist\Debug\vc110.pdb'; linking object as if no debug info
     1>fltkd.lib(fl_boxtype.obj) : warning LNK4099: PDB 'vc110.pdb' was not found with 'fltkd.lib(fl_boxtype.obj)' or at 'E:\Code\graphics\proj_1_impressionist\Debug\vc110.pdb'; linking object as if no debug info
     1>fltkd.lib(Fl_Button.obj) : warning LNK4099: PDB 'vc110.pdb' was not found with 'fltkd.lib(Fl_Button.obj)' or at 'E:\Code\graphics\proj_1_impressionist\Debug\vc110.pdb'; linking object as if no debug info
     1>fltkd.lib(fl_call_main.obj) : warning LNK4099: PDB 'vc110.pdb' was not found with 'fltkd.lib(fl_call_main.obj)' or at 'E:\Code\graphics\proj_1_impressionist\Debug\vc110.pdb'; linking object as if no debug info
     1>fltkd.lib(Fl_Choice.obj) : warning LNK4099: PDB 'vc110.pdb' was not found with 'fltkd.lib(Fl_Choice.obj)' or at 'E:\Code\graphics\proj_1_impressionist\Debug\vc110.pdb'; linking object as if no debug info
     1>fltkd.lib(fl_color.obj) : warning LNK4099: PDB 'vc110.pdb' was not found with 'fltkd.lib(fl_color.obj)' or at 'E:\Code\graphics\proj_1_impressionist\Debug\vc110.pdb'; linking object as if no debug info
     1>fltkd.lib(Fl_compose.obj) : warning LNK4099: PDB 'vc110.pdb' was not found with 'fltkd.lib(Fl_compose.obj)' or at 'E:\Code\graphics\proj_1_impressionist\Debug\vc110.pdb'; linking object as if no debug info
     1>fltkd.lib(fl_cursor.obj) : warning LNK4099: PDB 'vc110.pdb' was not found with 'fltkd.lib(fl_cursor.obj)' or at 'E:\Code\graphics\proj_1_impressionist\Debug\vc110.pdb'; linking object as if no debug info
     1>fltkd.lib(fl_curve.obj) : warning LNK4099: PDB 'vc110.pdb' was not found with 'fltkd.lib(fl_curve.obj)' or at 'E:\Code\graphics\proj_1_impressionist\Debug\vc110.pdb'; linking object as if no debug info
     1>fltkd.lib(Fl_Device.obj) : warning LNK4099: PDB 'vc110.pdb' was not found with 'fltkd.lib(Fl_Device.obj)' or at 'E:\Code\graphics\proj_1_impressionist\Debug\vc110.pdb'; linking object as if no debug info
     1>fltkd.lib(fl_dnd.obj) : warning LNK4099: PDB 'vc110.pdb' was not found with 'fltkd.lib(fl_dnd.obj)' or at 'E:\Code\graphics\proj_1_impressionist\Debug\vc110.pdb'; linking object as if no debug info
     1>fltkd.lib(Fl_Double_Window.obj) : warning LNK4099: PDB 'vc110.pdb' was not found with 'fltkd.lib(Fl_Double_Window.obj)' or at 'E:\Code\graphics\proj_1_impressionist\Debug\vc110.pdb'; linking object as if no debug info
     1>fltkd.lib(fl_draw.obj) : warning LNK4099: PDB 'vc110.pdb' was not found with 'fltkd.lib(fl_draw.obj)' or at 'E:\Code\graphics\proj_1_impressionist\Debug\vc110.pdb'; linking object as if no debug info
     1>fltkd.lib(fl_draw_image.obj) : warning LNK4099: PDB 'vc110.pdb' was not found with 'fltkd.lib(fl_draw_image.obj)' or at 'E:\Code\graphics\proj_1_impressionist\Debug\vc110.pdb'; linking object as if no debug info
     1>fltkd.lib(fl_draw_pixmap.obj) : warning LNK4099: PDB 'vc110.pdb' was not found with 'fltkd.lib(fl_draw_pixmap.obj)' or at 'E:\Code\graphics\proj_1_impressionist\Debug\vc110.pdb'; linking object as if no debug info
     1>fltkd.lib(fl_font.obj) : warning LNK4099: PDB 'vc110.pdb' was not found with 'fltkd.lib(fl_font.obj)' or at 'E:\Code\graphics\proj_1_impressionist\Debug\vc110.pdb'; linking object as if no debug info
     1>fltkd.lib(Fl_get_system_colors.obj) : warning LNK4099: PDB 'vc110.pdb' was not found with 'fltkd.lib(Fl_get_system_colors.obj)' or at 'E:\Code\graphics\proj_1_impressionist\Debug\vc110.pdb'; linking object as if no debug info
     1>fltkd.lib(Fl_grab.obj) : warning LNK4099: PDB 'vc110.pdb' was not found with 'fltkd.lib(Fl_grab.obj)' or at 'E:\Code\graphics\proj_1_impressionist\Debug\vc110.pdb'; linking object as if no debug info
     1>fltkd.lib(Fl_Group.obj) : warning LNK4099: PDB 'vc110.pdb' was not found with 'fltkd.lib(Fl_Group.obj)' or at 'E:\Code\graphics\proj_1_impressionist\Debug\vc110.pdb'; linking object as if no debug info
     1>fltkd.lib(fl_gtk.obj) : warning LNK4099: PDB 'vc110.pdb' was not found with 'fltkd.lib(fl_gtk.obj)' or at 'E:\Code\graphics\proj_1_impressionist\Debug\vc110.pdb'; linking object as if no debug info
     1>fltkd.lib(Fl_Image.obj) : warning LNK4099: PDB 'vc110.pdb' was not found with 'fltkd.lib(Fl_Image.obj)' or at 'E:\Code\graphics\proj_1_impressionist\Debug\vc110.pdb'; linking object as if no debug info
     1>fltkd.lib(Fl_Input.obj) : warning LNK4099: PDB 'vc110.pdb' was not found with 'fltkd.lib(Fl_Input.obj)' or at 'E:\Code\graphics\proj_1_impressionist\Debug\vc110.pdb'; linking object as if no debug info
     1>fltkd.lib(Fl_Input_.obj) : warning LNK4099: PDB 'vc110.pdb' was not found with 'fltkd.lib(Fl_Input_.obj)' or at 'E:\Code\graphics\proj_1_impressionist\Debug\vc110.pdb'; linking object as if no debug info
     1>fltkd.lib(fl_labeltype.obj) : warning LNK4099: PDB 'vc110.pdb' was not found with 'fltkd.lib(fl_labeltype.obj)' or at 'E:\Code\graphics\proj_1_impressionist\Debug\vc110.pdb'; linking object as if no debug info
     1>fltkd.lib(fl_line_style.obj) : warning LNK4099: PDB 'vc110.pdb' was not found with 'fltkd.lib(fl_line_style.obj)' or at 'E:\Code\graphics\proj_1_impressionist\Debug\vc110.pdb'; linking object as if no debug info
     1>fltkd.lib(Fl_lock.obj) : warning LNK4099: PDB 'vc110.pdb' was not found with 'fltkd.lib(Fl_lock.obj)' or at 'E:\Code\graphics\proj_1_impressionist\Debug\vc110.pdb'; linking object as if no debug info
     1>fltkd.lib(Fl_Menu.obj) : warning LNK4099: PDB 'vc110.pdb' was not found with 'fltkd.lib(Fl_Menu.obj)' or at 'E:\Code\graphics\proj_1_impressionist\Debug\vc110.pdb'; linking object as if no debug info
     1>fltkd.lib(Fl_Menu_.obj) : warning LNK4099: PDB 'vc110.pdb' was not found with 'fltkd.lib(Fl_Menu_.obj)' or at 'E:\Code\graphics\proj_1_impressionist\Debug\vc110.pdb'; linking object as if no debug info
     1>fltkd.lib(Fl_Menu_add.obj) : warning LNK4099: PDB 'vc110.pdb' was not found with 'fltkd.lib(Fl_Menu_add.obj)' or at 'E:\Code\graphics\proj_1_impressionist\Debug\vc110.pdb'; linking object as if no debug info
     1>fltkd.lib(Fl_Menu_Bar.obj) : warning LNK4099: PDB 'vc110.pdb' was not found with 'fltkd.lib(Fl_Menu_Bar.obj)' or at 'E:\Code\graphics\proj_1_impressionist\Debug\vc110.pdb'; linking object as if no debug info
     1>fltkd.lib(Fl_Menu_Button.obj) : warning LNK4099: PDB 'vc110.pdb' was not found with 'fltkd.lib(Fl_Menu_Button.obj)' or at 'E:\Code\graphics\proj_1_impressionist\Debug\vc110.pdb'; linking object as if no debug info
     1>fltkd.lib(Fl_Menu_Window.obj) : warning LNK4099: PDB 'vc110.pdb' was not found with 'fltkd.lib(Fl_Menu_Window.obj)' or at 'E:\Code\graphics\proj_1_impressionist\Debug\vc110.pdb'; linking object as if no debug info
     1>fltkd.lib(Fl_Native_File_Chooser.obj) : warning LNK4099: PDB 'vc110.pdb' was not found with 'fltkd.lib(Fl_Native_File_Chooser.obj)' or at 'E:\Code\graphics\proj_1_impressionist\Debug\vc110.pdb'; linking object as if no debug info
     1>fltkd.lib(Fl_Overlay_Window.obj) : warning LNK4099: PDB 'vc110.pdb' was not found with 'fltkd.lib(Fl_Overlay_Window.obj)' or at 'E:\Code\graphics\proj_1_impressionist\Debug\vc110.pdb'; linking object as if no debug info
     1>fltkd.lib(Fl_Pixmap.obj) : warning LNK4099: PDB 'vc110.pdb' was not found with 'fltkd.lib(Fl_Pixmap.obj)' or at 'E:\Code\graphics\proj_1_impressionist\Debug\vc110.pdb'; linking object as if no debug info
     1>fltkd.lib(fl_plastic.obj) : warning LNK4099: PDB 'vc110.pdb' was not found with 'fltkd.lib(fl_plastic.obj)' or at 'E:\Code\graphics\proj_1_impressionist\Debug\vc110.pdb'; linking object as if no debug info
     1>fltkd.lib(Fl_Preferences.obj) : warning LNK4099: PDB 'vc110.pdb' was not found with 'fltkd.lib(Fl_Preferences.obj)' or at 'E:\Code\graphics\proj_1_impressionist\Debug\vc110.pdb'; linking object as if no debug info
     1>fltkd.lib(fl_read_image.obj) : warning LNK4099: PDB 'vc110.pdb' was not found with 'fltkd.lib(fl_read_image.obj)' or at 'E:\Code\graphics\proj_1_impressionist\Debug\vc110.pdb'; linking object as if no debug info
     1>fltkd.lib(fl_rect.obj) : warning LNK4099: PDB 'vc110.pdb' was not found with 'fltkd.lib(fl_rect.obj)' or at 'E:\Code\graphics\proj_1_impressionist\Debug\vc110.pdb'; linking object as if no debug info
     1>fltkd.lib(Fl_Repeat_Button.obj) : warning LNK4099: PDB 'vc110.pdb' was not found with 'fltkd.lib(Fl_Repeat_Button.obj)' or at 'E:\Code\graphics\proj_1_impressionist\Debug\vc110.pdb'; linking object as if no debug info
     1>fltkd.lib(Fl_Return_Button.obj) : warning LNK4099: PDB 'vc110.pdb' was not found with 'fltkd.lib(Fl_Return_Button.obj)' or at 'E:\Code\graphics\proj_1_impressionist\Debug\vc110.pdb'; linking object as if no debug info
     1>fltkd.lib(fl_round_box.obj) : warning LNK4099: PDB 'vc110.pdb' was not found with 'fltkd.lib(fl_round_box.obj)' or at 'E:\Code\graphics\proj_1_impressionist\Debug\vc110.pdb'; linking object as if no debug info
     1>fltkd.lib(Fl_Scrollbar.obj) : warning LNK4099: PDB 'vc110.pdb' was not found with 'fltkd.lib(Fl_Scrollbar.obj)' or at 'E:\Code\graphics\proj_1_impressionist\Debug\vc110.pdb'; linking object as if no debug info
     1>fltkd.lib(fl_shortcut.obj) : warning LNK4099: PDB 'vc110.pdb' was not found with 'fltkd.lib(fl_shortcut.obj)' or at 'E:\Code\graphics\proj_1_impressionist\Debug\vc110.pdb'; linking object as if no debug info
     1>fltkd.lib(Fl_Single_Window.obj) : warning LNK4099: PDB 'vc110.pdb' was not found with 'fltkd.lib(Fl_Single_Window.obj)' or at 'E:\Code\graphics\proj_1_impressionist\Debug\vc110.pdb'; linking object as if no debug info
     1>fltkd.lib(Fl_Slider.obj) : warning LNK4099: PDB 'vc110.pdb' was not found with 'fltkd.lib(Fl_Slider.obj)' or at 'E:\Code\graphics\proj_1_impressionist\Debug\vc110.pdb'; linking object as if no debug info
     1>fltkd.lib(fl_symbols.obj) : warning LNK4099: PDB 'vc110.pdb' was not found with 'fltkd.lib(fl_symbols.obj)' or at 'E:\Code\graphics\proj_1_impressionist\Debug\vc110.pdb'; linking object as if no debug info
     1>fltkd.lib(Fl_Text_Buffer.obj) : warning LNK4099: PDB 'vc110.pdb' was not found with 'fltkd.lib(Fl_Text_Buffer.obj)' or at 'E:\Code\graphics\proj_1_impressionist\Debug\vc110.pdb'; linking object as if no debug info
     1>fltkd.lib(Fl_Text_Display.obj) : warning LNK4099: PDB 'vc110.pdb' was not found with 'fltkd.lib(Fl_Text_Display.obj)' or at 'E:\Code\graphics\proj_1_impressionist\Debug\vc110.pdb'; linking object as if no debug info
     1>fltkd.lib(Fl_Tiled_Image.obj) : warning LNK4099: PDB 'vc110.pdb' was not found with 'fltkd.lib(Fl_Tiled_Image.obj)' or at 'E:\Code\graphics\proj_1_impressionist\Debug\vc110.pdb'; linking object as if no debug info
     1>fltkd.lib(Fl_Tooltip.obj) : warning LNK4099: PDB 'vc110.pdb' was not found with 'fltkd.lib(Fl_Tooltip.obj)' or at 'E:\Code\graphics\proj_1_impressionist\Debug\vc110.pdb'; linking object as if no debug info
     1>fltkd.lib(fl_utf.obj) : warning LNK4099: PDB 'vc110.pdb' was not found with 'fltkd.lib(fl_utf.obj)' or at 'E:\Code\graphics\proj_1_impressionist\Debug\vc110.pdb'; linking object as if no debug info
     1>fltkd.lib(fl_utf8.obj) : warning LNK4099: PDB 'vc110.pdb' was not found with 'fltkd.lib(fl_utf8.obj)' or at 'E:\Code\graphics\proj_1_impressionist\Debug\vc110.pdb'; linking object as if no debug info
     1>fltkd.lib(Fl_Valuator.obj) : warning LNK4099: PDB 'vc110.pdb' was not found with 'fltkd.lib(Fl_Valuator.obj)' or at 'E:\Code\graphics\proj_1_impressionist\Debug\vc110.pdb'; linking object as if no debug info
     1>fltkd.lib(Fl_Value_Input.obj) : warning LNK4099: PDB 'vc110.pdb' was not found with 'fltkd.lib(Fl_Value_Input.obj)' or at 'E:\Code\graphics\proj_1_impressionist\Debug\vc110.pdb'; linking object as if no debug info
     1>fltkd.lib(Fl_Value_Slider.obj) : warning LNK4099: PDB 'vc110.pdb' was not found with 'fltkd.lib(Fl_Value_Slider.obj)' or at 'E:\Code\graphics\proj_1_impressionist\Debug\vc110.pdb'; linking object as if no debug info
     1>fltkd.lib(fl_vertex.obj) : warning LNK4099: PDB 'vc110.pdb' was not found with 'fltkd.lib(fl_vertex.obj)' or at 'E:\Code\graphics\proj_1_impressionist\Debug\vc110.pdb'; linking object as if no debug info
     1>fltkd.lib(Fl_visual.obj) : warning LNK4099: PDB 'vc110.pdb' was not found with 'fltkd.lib(Fl_visual.obj)' or at 'E:\Code\graphics\proj_1_impressionist\Debug\vc110.pdb'; linking object as if no debug info
     1>fltkd.lib(Fl_Widget.obj) : warning LNK4099: PDB 'vc110.pdb' was not found with 'fltkd.lib(Fl_Widget.obj)' or at 'E:\Code\graphics\proj_1_impressionist\Debug\vc110.pdb'; linking object as if no debug info
     1>fltkd.lib(Fl_Window.obj) : warning LNK4099: PDB 'vc110.pdb' was not found with 'fltkd.lib(Fl_Window.obj)' or at 'E:\Code\graphics\proj_1_impressionist\Debug\vc110.pdb'; linking object as if no debug info
     1>fltkd.lib(Fl_Window_hotspot.obj) : warning LNK4099: PDB 'vc110.pdb' was not found with 'fltkd.lib(Fl_Window_hotspot.obj)' or at 'E:\Code\graphics\proj_1_impressionist\Debug\vc110.pdb'; linking object as if no debug info
     1>fltkd.lib(flstring.obj) : warning LNK4099: PDB 'vc110.pdb' was not found with 'fltkd.lib(flstring.obj)' or at 'E:\Code\graphics\proj_1_impressionist\Debug\vc110.pdb'; linking object as if no debug info
     1>fltkd.lib(is_spacing.obj) : warning LNK4099: PDB 'vc110.pdb' was not found with 'fltkd.lib(is_spacing.obj)' or at 'E:\Code\graphics\proj_1_impressionist\Debug\vc110.pdb'; linking object as if no debug info
     1>fltkd.lib(numericsort.obj) : warning LNK4099: PDB 'vc110.pdb' was not found with 'fltkd.lib(numericsort.obj)' or at 'E:\Code\graphics\proj_1_impressionist\Debug\vc110.pdb'; linking object as if no debug info
     1>fltkd.lib(scandir.obj) : warning LNK4099: PDB 'vc110.pdb' was not found with 'fltkd.lib(scandir.obj)' or at 'E:\Code\graphics\proj_1_impressionist\Debug\vc110.pdb'; linking object as if no debug info
     1>fltkd.lib(screen_xywh.obj) : warning LNK4099: PDB 'vc110.pdb' was not found with 'fltkd.lib(screen_xywh.obj)' or at 'E:\Code\graphics\proj_1_impressionist\Debug\vc110.pdb'; linking object as if no debug info
     1>fltkd.lib(vsnprintf.obj) : warning LNK4099: PDB 'vc110.pdb' was not found with 'fltkd.lib(vsnprintf.obj)' or at 'E:\Code\graphics\proj_1_impressionist\Debug\vc110.pdb'; linking object as if no debug info
     1>fltkgld.lib(Fl_Gl_Choice.obj) : warning LNK4099: PDB 'vc110.pdb' was not found with 'fltkgld.lib(Fl_Gl_Choice.obj)' or at 'E:\Code\graphics\proj_1_impressionist\Debug\vc110.pdb'; linking object as if no debug info
     1>fltkgld.lib(Fl_Gl_Device_Plugin.obj) : warning LNK4099: PDB 'vc110.pdb' was not found with 'fltkgld.lib(Fl_Gl_Device_Plugin.obj)' or at 'E:\Code\graphics\proj_1_impressionist\Debug\vc110.pdb'; linking object as if no debug info
     1>fltkgld.lib(Fl_Gl_Window.obj) : warning LNK4099: PDB 'vc110.pdb' was not found with 'fltkgld.lib(Fl_Gl_Window.obj)' or at 'E:\Code\graphics\proj_1_impressionist\Debug\vc110.pdb'; linking object as if no debug info
     1>fltkgld.lib(gl_draw.obj) : warning LNK4099: PDB 'vc110.pdb' was not found with 'fltkgld.lib(gl_draw.obj)' or at 'E:\Code\graphics\proj_1_impressionist\Debug\vc110.pdb'; linking object as if no debug info
     1>fltkzlibd.lib(adler32.obj) : warning LNK4099: PDB 'vc110.pdb' was not found with 'fltkzlibd.lib(adler32.obj)' or at 'E:\Code\graphics\proj_1_impressionist\Debug\vc110.pdb'; linking object as if no debug info
     1>fltkzlibd.lib(crc32.obj) : warning LNK4099: PDB 'vc110.pdb' was not found with 'fltkzlibd.lib(crc32.obj)' or at 'E:\Code\graphics\proj_1_impressionist\Debug\vc110.pdb'; linking object as if no debug info
     1>fltkzlibd.lib(deflate.obj) : warning LNK4099: PDB 'vc110.pdb' was not found with 'fltkzlibd.lib(deflate.obj)' or at 'E:\Code\graphics\proj_1_impressionist\Debug\vc110.pdb'; linking object as if no debug info
     1>fltkzlibd.lib(inffast.obj) : warning LNK4099: PDB 'vc110.pdb' was not found with 'fltkzlibd.lib(inffast.obj)' or at 'E:\Code\graphics\proj_1_impressionist\Debug\vc110.pdb'; linking object as if no debug info
     1>fltkzlibd.lib(inflate.obj) : warning LNK4099: PDB 'vc110.pdb' was not found with 'fltkzlibd.lib(inflate.obj)' or at 'E:\Code\graphics\proj_1_impressionist\Debug\vc110.pdb'; linking object as if no debug info
     1>fltkzlibd.lib(inftrees.obj) : warning LNK4099: PDB 'vc110.pdb' was not found with 'fltkzlibd.lib(inftrees.obj)' or at 'E:\Code\graphics\proj_1_impressionist\Debug\vc110.pdb'; linking object as if no debug info
     1>fltkzlibd.lib(trees.obj) : warning LNK4099: PDB 'vc110.pdb' was not found with 'fltkzlibd.lib(trees.obj)' or at 'E:\Code\graphics\proj_1_impressionist\Debug\vc110.pdb'; linking object as if no debug info
     1>fltkzlibd.lib(zutil.obj) : warning LNK4099: PDB 'vc110.pdb' was not found with 'fltkzlibd.lib(zutil.obj)' or at 'E:\Code\graphics\proj_1_impressionist\Debug\vc110.pdb'; linking object as if no debug info
     1>fltkpngd.lib(png.obj) : warning LNK4099: PDB 'vc110.pdb' was not found with 'fltkpngd.lib(png.obj)' or at 'E:\Code\graphics\proj_1_impressionist\Debug\vc110.pdb'; linking object as if no debug info
     1>fltkpngd.lib(pngerror.obj) : warning LNK4099: PDB 'vc110.pdb' was not found with 'fltkpngd.lib(pngerror.obj)' or at 'E:\Code\graphics\proj_1_impressionist\Debug\vc110.pdb'; linking object as if no debug info
     1>fltkpngd.lib(pngget.obj) : warning LNK4099: PDB 'vc110.pdb' was not found with 'fltkpngd.lib(pngget.obj)' or at 'E:\Code\graphics\proj_1_impressionist\Debug\vc110.pdb'; linking object as if no debug info
     1>fltkpngd.lib(pngmem.obj) : warning LNK4099: PDB 'vc110.pdb' was not found with 'fltkpngd.lib(pngmem.obj)' or at 'E:\Code\graphics\proj_1_impressionist\Debug\vc110.pdb'; linking object as if no debug info
     1>fltkpngd.lib(pngread.obj) : warning LNK4099: PDB 'vc110.pdb' was not found with 'fltkpngd.lib(pngread.obj)' or at 'E:\Code\graphics\proj_1_impressionist\Debug\vc110.pdb'; linking object as if no debug info
     1>fltkpngd.lib(pngrio.obj) : warning LNK4099: PDB 'vc110.pdb' was not found with 'fltkpngd.lib(pngrio.obj)' or at 'E:\Code\graphics\proj_1_impressionist\Debug\vc110.pdb'; linking object as if no debug info
     1>fltkpngd.lib(pngrtran.obj) : warning LNK4099: PDB 'vc110.pdb' was not found with 'fltkpngd.lib(pngrtran.obj)' or at 'E:\Code\graphics\proj_1_impressionist\Debug\vc110.pdb'; linking object as if no debug info
     1>fltkpngd.lib(pngrutil.obj) : warning LNK4099: PDB 'vc110.pdb' was not found with 'fltkpngd.lib(pngrutil.obj)' or at 'E:\Code\graphics\proj_1_impressionist\Debug\vc110.pdb'; linking object as if no debug info
     1>fltkpngd.lib(pngset.obj) : warning LNK4099: PDB 'vc110.pdb' was not found with 'fltkpngd.lib(pngset.obj)' or at 'E:\Code\graphics\proj_1_impressionist\Debug\vc110.pdb'; linking object as if no debug info
     1>fltkpngd.lib(pngtrans.obj) : warning LNK4099: PDB 'vc110.pdb' was not found with 'fltkpngd.lib(pngtrans.obj)' or at 'E:\Code\graphics\proj_1_impressionist\Debug\vc110.pdb'; linking object as if no debug info
     1>fltkpngd.lib(pngwio.obj) : warning LNK4099: PDB 'vc110.pdb' was not found with 'fltkpngd.lib(pngwio.obj)' or at 'E:\Code\graphics\proj_1_impressionist\Debug\vc110.pdb'; linking object as if no debug info
     1>fltkpngd.lib(pngwrite.obj) : warning LNK4099: PDB 'vc110.pdb' was not found with 'fltkpngd.lib(pngwrite.obj)' or at 'E:\Code\graphics\proj_1_impressionist\Debug\vc110.pdb'; linking object as if no debug info
     1>fltkpngd.lib(pngwtran.obj) : warning LNK4099: PDB 'vc110.pdb' was not found with 'fltkpngd.lib(pngwtran.obj)' or at 'E:\Code\graphics\proj_1_impressionist\Debug\vc110.pdb'; linking object as if no debug info
     1>fltkpngd.lib(pngwutil.obj) : warning LNK4099: PDB 'vc110.pdb' was not found with 'fltkpngd.lib(pngwutil.obj)' or at 'E:\Code\graphics\proj_1_impressionist\Debug\vc110.pdb'; linking object as if no debug info
     1>fltkjpegd.lib(jcapimin.obj) : warning LNK4099: PDB 'vc110.pdb' was not found with 'fltkjpegd.lib(jcapimin.obj)' or at 'E:\Code\graphics\proj_1_impressionist\Debug\vc110.pdb'; linking object as if no debug info
     1>fltkjpegd.lib(jcapistd.obj) : warning LNK4099: PDB 'vc110.pdb' was not found with 'fltkjpegd.lib(jcapistd.obj)' or at 'E:\Code\graphics\proj_1_impressionist\Debug\vc110.pdb'; linking object as if no debug info
     1>fltkjpegd.lib(jccoefct.obj) : warning LNK4099: PDB 'vc110.pdb' was not found with 'fltkjpegd.lib(jccoefct.obj)' or at 'E:\Code\graphics\proj_1_impressionist\Debug\vc110.pdb'; linking object as if no debug info
     1>fltkjpegd.lib(jccolor.obj) : warning LNK4099: PDB 'vc110.pdb' was not found with 'fltkjpegd.lib(jccolor.obj)' or at 'E:\Code\graphics\proj_1_impressionist\Debug\vc110.pdb'; linking object as if no debug info
     1>fltkjpegd.lib(jcdctmgr.obj) : warning LNK4099: PDB 'vc110.pdb' was not found with 'fltkjpegd.lib(jcdctmgr.obj)' or at 'E:\Code\graphics\proj_1_impressionist\Debug\vc110.pdb'; linking object as if no debug info
     1>fltkjpegd.lib(jchuff.obj) : warning LNK4099: PDB 'vc110.pdb' was not found with 'fltkjpegd.lib(jchuff.obj)' or at 'E:\Code\graphics\proj_1_impressionist\Debug\vc110.pdb'; linking object as if no debug info
     1>fltkjpegd.lib(jcinit.obj) : warning LNK4099: PDB 'vc110.pdb' was not found with 'fltkjpegd.lib(jcinit.obj)' or at 'E:\Code\graphics\proj_1_impressionist\Debug\vc110.pdb'; linking object as if no debug info
     1>fltkjpegd.lib(jcmainct.obj) : warning LNK4099: PDB 'vc110.pdb' was not found with 'fltkjpegd.lib(jcmainct.obj)' or at 'E:\Code\graphics\proj_1_impressionist\Debug\vc110.pdb'; linking object as if no debug info
     1>fltkjpegd.lib(jcmarker.obj) : warning LNK4099: PDB 'vc110.pdb' was not found with 'fltkjpegd.lib(jcmarker.obj)' or at 'E:\Code\graphics\proj_1_impressionist\Debug\vc110.pdb'; linking object as if no debug info
     1>fltkjpegd.lib(jcmaster.obj) : warning LNK4099: PDB 'vc110.pdb' was not found with 'fltkjpegd.lib(jcmaster.obj)' or at 'E:\Code\graphics\proj_1_impressionist\Debug\vc110.pdb'; linking object as if no debug info
     1>fltkjpegd.lib(jcomapi.obj) : warning LNK4099: PDB 'vc110.pdb' was not found with 'fltkjpegd.lib(jcomapi.obj)' or at 'E:\Code\graphics\proj_1_impressionist\Debug\vc110.pdb'; linking object as if no debug info
     1>fltkjpegd.lib(jcparam.obj) : warning LNK4099: PDB 'vc110.pdb' was not found with 'fltkjpegd.lib(jcparam.obj)' or at 'E:\Code\graphics\proj_1_impressionist\Debug\vc110.pdb'; linking object as if no debug info
     1>fltkjpegd.lib(jaricom.obj) : warning LNK4099: PDB 'vc110.pdb' was not found with 'fltkjpegd.lib(jaricom.obj)' or at 'E:\Code\graphics\proj_1_impressionist\Debug\vc110.pdb'; linking object as if no debug info
     1>fltkjpegd.lib(jcarith.obj) : warning LNK4099: PDB 'vc110.pdb' was not found with 'fltkjpegd.lib(jcarith.obj)' or at 'E:\Code\graphics\proj_1_impressionist\Debug\vc110.pdb'; linking object as if no debug info
     1>fltkjpegd.lib(jdarith.obj) : warning LNK4099: PDB 'vc110.pdb' was not found with 'fltkjpegd.lib(jdarith.obj)' or at 'E:\Code\graphics\proj_1_impressionist\Debug\vc110.pdb'; linking object as if no debug info
     1>fltkjpegd.lib(jcprepct.obj) : warning LNK4099: PDB 'vc110.pdb' was not found with 'fltkjpegd.lib(jcprepct.obj)' or at 'E:\Code\graphics\proj_1_impressionist\Debug\vc110.pdb'; linking object as if no debug info
     1>fltkjpegd.lib(jcsample.obj) : warning LNK4099: PDB 'vc110.pdb' was not found with 'fltkjpegd.lib(jcsample.obj)' or at 'E:\Code\graphics\proj_1_impressionist\Debug\vc110.pdb'; linking object as if no debug info
     1>fltkjpegd.lib(jdapimin.obj) : warning LNK4099: PDB 'vc110.pdb' was not found with 'fltkjpegd.lib(jdapimin.obj)' or at 'E:\Code\graphics\proj_1_impressionist\Debug\vc110.pdb'; linking object as if no debug info
     1>fltkjpegd.lib(jdapistd.obj) : warning LNK4099: PDB 'vc110.pdb' was not found with 'fltkjpegd.lib(jdapistd.obj)' or at 'E:\Code\graphics\proj_1_impressionist\Debug\vc110.pdb'; linking object as if no debug info
     1>fltkjpegd.lib(jdatadst.obj) : warning LNK4099: PDB 'vc110.pdb' was not found with 'fltkjpegd.lib(jdatadst.obj)' or at 'E:\Code\graphics\proj_1_impressionist\Debug\vc110.pdb'; linking object as if no debug info
     1>fltkjpegd.lib(jdatasrc.obj) : warning LNK4099: PDB 'vc110.pdb' was not found with 'fltkjpegd.lib(jdatasrc.obj)' or at 'E:\Code\graphics\proj_1_impressionist\Debug\vc110.pdb'; linking object as if no debug info
     1>fltkjpegd.lib(jdcoefct.obj) : warning LNK4099: PDB 'vc110.pdb' was not found with 'fltkjpegd.lib(jdcoefct.obj)' or at 'E:\Code\graphics\proj_1_impressionist\Debug\vc110.pdb'; linking object as if no debug info
     1>fltkjpegd.lib(jdcolor.obj) : warning LNK4099: PDB 'vc110.pdb' was not found with 'fltkjpegd.lib(jdcolor.obj)' or at 'E:\Code\graphics\proj_1_impressionist\Debug\vc110.pdb'; linking object as if no debug info
     1>fltkjpegd.lib(jddctmgr.obj) : warning LNK4099: PDB 'vc110.pdb' was not found with 'fltkjpegd.lib(jddctmgr.obj)' or at 'E:\Code\graphics\proj_1_impressionist\Debug\vc110.pdb'; linking object as if no debug info
     1>fltkjpegd.lib(jdhuff.obj) : warning LNK4099: PDB 'vc110.pdb' was not found with 'fltkjpegd.lib(jdhuff.obj)' or at 'E:\Code\graphics\proj_1_impressionist\Debug\vc110.pdb'; linking object as if no debug info
     1>fltkjpegd.lib(jdinput.obj) : warning LNK4099: PDB 'vc110.pdb' was not found with 'fltkjpegd.lib(jdinput.obj)' or at 'E:\Code\graphics\proj_1_impressionist\Debug\vc110.pdb'; linking object as if no debug info
     1>fltkjpegd.lib(jdmainct.obj) : warning LNK4099: PDB 'vc110.pdb' was not found with 'fltkjpegd.lib(jdmainct.obj)' or at 'E:\Code\graphics\proj_1_impressionist\Debug\vc110.pdb'; linking object as if no debug info
     1>fltkjpegd.lib(jdmarker.obj) : warning LNK4099: PDB 'vc110.pdb' was not found with 'fltkjpegd.lib(jdmarker.obj)' or at 'E:\Code\graphics\proj_1_impressionist\Debug\vc110.pdb'; linking object as if no debug info
     1>fltkjpegd.lib(jdmaster.obj) : warning LNK4099: PDB 'vc110.pdb' was not found with 'fltkjpegd.lib(jdmaster.obj)' or at 'E:\Code\graphics\proj_1_impressionist\Debug\vc110.pdb'; linking object as if no debug info
     1>fltkjpegd.lib(jdmerge.obj) : warning LNK4099: PDB 'vc110.pdb' was not found with 'fltkjpegd.lib(jdmerge.obj)' or at 'E:\Code\graphics\proj_1_impressionist\Debug\vc110.pdb'; linking object as if no debug info
     1>fltkjpegd.lib(jdpostct.obj) : warning LNK4099: PDB 'vc110.pdb' was not found with 'fltkjpegd.lib(jdpostct.obj)' or at 'E:\Code\graphics\proj_1_impressionist\Debug\vc110.pdb'; linking object as if no debug info
     1>fltkjpegd.lib(jdsample.obj) : warning LNK4099: PDB 'vc110.pdb' was not found with 'fltkjpegd.lib(jdsample.obj)' or at 'E:\Code\graphics\proj_1_impressionist\Debug\vc110.pdb'; linking object as if no debug info
     1>fltkjpegd.lib(jerror.obj) : warning LNK4099: PDB 'vc110.pdb' was not found with 'fltkjpegd.lib(jerror.obj)' or at 'E:\Code\graphics\proj_1_impressionist\Debug\vc110.pdb'; linking object as if no debug info
     1>fltkjpegd.lib(jfdctflt.obj) : warning LNK4099: PDB 'vc110.pdb' was not found with 'fltkjpegd.lib(jfdctflt.obj)' or at 'E:\Code\graphics\proj_1_impressionist\Debug\vc110.pdb'; linking object as if no debug info
     1>fltkjpegd.lib(jfdctfst.obj) : warning LNK4099: PDB 'vc110.pdb' was not found with 'fltkjpegd.lib(jfdctfst.obj)' or at 'E:\Code\graphics\proj_1_impressionist\Debug\vc110.pdb'; linking object as if no debug info
     1>fltkjpegd.lib(jfdctint.obj) : warning LNK4099: PDB 'vc110.pdb' was not found with 'fltkjpegd.lib(jfdctint.obj)' or at 'E:\Code\graphics\proj_1_impressionist\Debug\vc110.pdb'; linking object as if no debug info
     1>fltkjpegd.lib(jidctflt.obj) : warning LNK4099: PDB 'vc110.pdb' was not found with 'fltkjpegd.lib(jidctflt.obj)' or at 'E:\Code\graphics\proj_1_impressionist\Debug\vc110.pdb'; linking object as if no debug info
     1>fltkjpegd.lib(jidctfst.obj) : warning LNK4099: PDB 'vc110.pdb' was not found with 'fltkjpegd.lib(jidctfst.obj)' or at 'E:\Code\graphics\proj_1_impressionist\Debug\vc110.pdb'; linking object as if no debug info
     1>fltkjpegd.lib(jidctint.obj) : warning LNK4099: PDB 'vc110.pdb' was not found with 'fltkjpegd.lib(jidctint.obj)' or at 'E:\Code\graphics\proj_1_impressionist\Debug\vc110.pdb'; linking object as if no debug info
     1>fltkjpegd.lib(jmemmgr.obj) : warning LNK4099: PDB 'vc110.pdb' was not found with 'fltkjpegd.lib(jmemmgr.obj)' or at 'E:\Code\graphics\proj_1_impressionist\Debug\vc110.pdb'; linking object as if no debug info
     1>fltkjpegd.lib(jmemnobs.obj) : warning LNK4099: PDB 'vc110.pdb' was not found with 'fltkjpegd.lib(jmemnobs.obj)' or at 'E:\Code\graphics\proj_1_impressionist\Debug\vc110.pdb'; linking object as if no debug info
     1>fltkjpegd.lib(jquant1.obj) : warning LNK4099: PDB 'vc110.pdb' was not found with 'fltkjpegd.lib(jquant1.obj)' or at 'E:\Code\graphics\proj_1_impressionist\Debug\vc110.pdb'; linking object as if no debug info
     1>fltkjpegd.lib(jquant2.obj) : warning LNK4099: PDB 'vc110.pdb' was not found with 'fltkjpegd.lib(jquant2.obj)' or at 'E:\Code\graphics\proj_1_impressionist\Debug\vc110.pdb'; linking object as if no debug info
     1>fltkjpegd.lib(jutils.obj) : warning LNK4099: PDB 'vc110.pdb' was not found with 'fltkjpegd.lib(jutils.obj)' or at 'E:\Code\graphics\proj_1_impressionist\Debug\vc110.pdb'; linking object as if no debug info
         impressionist.vcxproj -> E:\Code\graphics\proj_1_impressionist\Debug\impressionist.exe
       BscMake:
         C:\Program Files (x86)\Microsoft Visual Studio 2013\VC\bin\bscmake.exe /nologo /o"Debug\impressionist.bsc" Debug\FltDesignUI.sbr Debug\imageio.sbr Debug\impBrush.sbr Debug\impressionist.sbr Debug\impressionistDoc.sbr Debug\impressionistUI.sbr Debug\originalView.sbr Debug\paintView.sbr Debug\pointBrush.sbr
     1>Done Building Project "E:\Code\graphics\proj_1_impressionist\impressionist.vcxproj" (Rebuild target(s)).

Build succeeded.

Time Elapsed 00:00:18.41
